<?xml version="1.0" encoding="UTF-8"?>
<!-- Generated by org.testng.reporters.JUnitReportReporter -->
<testsuite hostname="abhi-PC" name="com.seleniumJenkins.seleniumJenkins.seleniumTest" tests="4" failures="0" timestamp="4 Nov 2019 16:26:33 GMT" time="69.963" errors="0">
  <testcase name="testFacebook" time="11.415" classname="com.seleniumJenkins.seleniumJenkins.seleniumTest"/>
  <testcase name="testAmazon" time="12.646" classname="com.seleniumJenkins.seleniumJenkins.seleniumTest"/>
  <testcase name="testNetFlix" time="11.996" classname="com.seleniumJenkins.seleniumJenkins.seleniumTest"/>
  <testcase name="testWalmart" time="33.906" classname="com.seleniumJenkins.seleniumJenkins.seleniumTest"/>
</testsuite> <!-- com.seleniumJenkins.seleniumJenkins.seleniumTest -->
