<?xml version="1.0" encoding="UTF-8"?>
<!-- Generated by org.testng.reporters.JUnitReportReporter -->
<testsuite skipped="0" hostname="abhi-PC" name="com.seleniumJenkins.seleniumJenkins.seleniumTest" tests="4" failures="0" timestamp="04 Nov 2019 16:51:27 GMT" time="65.469" errors="0">
  <testcase name="testNetFlix" time="14.467" classname="com.seleniumJenkins.seleniumJenkins.seleniumTest"/>
  <testcase name="testWalmart" time="19.984" classname="com.seleniumJenkins.seleniumJenkins.seleniumTest"/>
  <testcase name="testAmazon" time="17.527" classname="com.seleniumJenkins.seleniumJenkins.seleniumTest"/>
  <testcase name="testFacebook" time="13.491" classname="com.seleniumJenkins.seleniumJenkins.seleniumTest"/>
</testsuite> <!-- com.seleniumJenkins.seleniumJenkins.seleniumTest -->
